<?xml version="1.0" encoding="UTF-8"?>
<testng-results skipped="0" failed="0" ignored="0" total="1" passed="1">
  <reporter-output>
  </reporter-output>
  <suite name="Suite" duration-ms="12274" started-at="2019-06-11T04:27:23Z" finished-at="2019-06-11T04:27:36Z">
    <groups>
    </groups>
    <test name="Test" duration-ms="12274" started-at="2019-06-11T04:27:23Z" finished-at="2019-06-11T04:27:36Z">
      <class name="Test.TitleVerify">
        <test-method status="PASS" signature="verifyTitle()[pri:0, instance:Test.TitleVerify@59717824]" name="verifyTitle" duration-ms="12226" started-at="2019-06-11T04:27:23Z" finished-at="2019-06-11T04:27:36Z">
          <reporter-output>
          </reporter-output>
        </test-method> <!-- verifyTitle -->
      </class> <!-- Test.TitleVerify -->
    </test> <!-- Test -->
  </suite> <!-- Suite -->
</testng-results>
