<?xml version="1.0" encoding="UTF-8"?>
<testng-results skipped="0" failed="0" ignored="0" total="1" passed="1">
  <reporter-output>
  </reporter-output>
  <suite name="Suite" duration-ms="10266" started-at="2019-06-10T08:58:29Z" finished-at="2019-06-10T08:58:39Z">
    <groups>
    </groups>
    <test name="Test" duration-ms="10266" started-at="2019-06-10T08:58:29Z" finished-at="2019-06-10T08:58:39Z">
      <class name="Test.TitleVerify">
        <test-method status="PASS" signature="verifyTitle()[pri:0, instance:Test.TitleVerify@527e5409]" name="verifyTitle" duration-ms="10218" started-at="2019-06-10T08:58:29Z" finished-at="2019-06-10T08:58:39Z">
          <reporter-output>
          </reporter-output>
        </test-method> <!-- verifyTitle -->
      </class> <!-- Test.TitleVerify -->
    </test> <!-- Test -->
  </suite> <!-- Suite -->
</testng-results>
